{
  "RSpec": {
    "coverage": {
      "/Users/acandael/Sites/courseapp/app/helpers/application_helper.rb": [
        1,
        1,
        0,
        null,
        null
      ],
      "/Users/acandael/Sites/courseapp/app/controllers/quizzes_controller.rb": [
        1,
        1,
        1,
        4,
        4,
        4,
        4,
        1,
        null,
        3,
        null,
        null,
        null,
        null,
        1,
        0,
        0,
        0,
        null,
        null,
        1,
        0,
        0,
        0,
        null,
        null,
        1,
        1,
        1,
        1,
        null,
        null,
        1,
        null,
        1,
        1,
        3,
        3,
        null,
        null,
        null
      ],
      "/Users/acandael/Sites/courseapp/app/controllers/application_controller.rb": [
        1,
        null,
        null,
        1,
        null,
        1,
        7,
        null,
        null,
        1,
        13,
        null,
        null,
        1,
        null
      ],
      "/Users/acandael/Sites/courseapp/app/models/answer.rb": [
        1,
        1,
        1,
        1,
        null,
        1,
        7,
        null
      ],
      "/Users/acandael/Sites/courseapp/app/models/chapter.rb": [
        1,
        1,
        1,
        1,
        1,
        null,
        1,
        null,
        null
      ],
      "/Users/acandael/Sites/courseapp/app/uploaders/badge_image_uploader.rb": [
        1,
        1,
        null,
        1,
        null
      ],
      "/Users/acandael/Sites/courseapp/app/models/course.rb": [
        1,
        1,
        1,
        null,
        1,
        null
      ],
      "/Users/acandael/Sites/courseapp/app/uploaders/course_image_uploader.rb": [
        1,
        1,
        null,
        1,
        1,
        null,
        null,
        1,
        1,
        null,
        null
      ],
      "/Users/acandael/Sites/courseapp/app/models/question.rb": [
        1,
        1,
        1,
        1,
        null,
        1,
        0,
        0,
        null,
        null,
        1,
        0,
        0,
        0,
        0,
        null,
        0,
        null,
        null,
        null
      ],
      "/Users/acandael/Sites/courseapp/app/models/quiz.rb": [
        1,
        1,
        1,
        1,
        null,
        1,
        1,
        null,
        1,
        0,
        0,
        0,
        0,
        0,
        0,
        null,
        null,
        0,
        0,
        null,
        0,
        null,
        null,
        null,
        1,
        0,
        null,
        null
      ],
      "/Users/acandael/Sites/courseapp/app/models/user.rb": [
        1,
        1,
        1,
        null,
        1,
        1,
        null,
        1,
        1,
        1,
        1,
        null
      ],
      "/Users/acandael/Sites/courseapp/app/models/video.rb": [
        1,
        1,
        null,
        1,
        1,
        null,
        null
      ],
      "/Users/acandael/Sites/courseapp/app/uploaders/video_uploader.rb": [
        1,
        null,
        1,
        1,
        null,
        1,
        0,
        null,
        null
      ],
      "/Users/acandael/Sites/courseapp/app/models/response.rb": [
        1,
        1,
        1,
        null,
        null,
        null,
        null
      ]
    },
    "timestamp": 1386013733
  }
}
