{
  "RSpec": {
    "coverage": {
      "/Users/acandael/Sites/courseapp/app/helpers/application_helper.rb": [
        1,
        null
      ],
      "/Users/acandael/Sites/courseapp/app/controllers/questions_controller.rb": [
        1,
        1,
        3,
        1,
        1,
        null,
        2,
        2,
        2,
        2,
        null,
        null,
        null
      ],
      "/Users/acandael/Sites/courseapp/app/controllers/application_controller.rb": [
        1,
        null,
        null,
        1,
        null,
        1,
        0,
        null,
        null,
        1,
        0,
        null,
        null,
        1,
        null
      ],
      "/Users/acandael/Sites/courseapp/app/models/answer.rb": [
        1,
        1,
        1,
        1,
        null
      ],
      "/Users/acandael/Sites/courseapp/app/models/chapter.rb": [
        1,
        1,
        1,
        1,
        1,
        null,
        1,
        null,
        null
      ],
      "/Users/acandael/Sites/courseapp/app/uploaders/badge_image_uploader.rb": [
        1,
        1,
        null,
        1,
        null
      ],
      "/Users/acandael/Sites/courseapp/app/models/course.rb": [
        1,
        1,
        1,
        null
      ],
      "/Users/acandael/Sites/courseapp/app/models/question.rb": [
        1,
        1,
        1,
        1,
        null,
        1,
        2,
        null,
        null,
        1,
        3,
        3,
        3,
        1,
        null,
        2,
        null,
        null,
        null
      ],
      "/Users/acandael/Sites/courseapp/app/models/quiz.rb": [
        1,
        1,
        1,
        1,
        null
      ],
      "/Users/acandael/Sites/courseapp/app/models/user.rb": [
        1,
        1,
        1,
        null,
        1,
        1,
        null,
        null
      ],
      "/Users/acandael/Sites/courseapp/app/models/video.rb": [
        1,
        1,
        null,
        1,
        1,
        null,
        null
      ],
      "/Users/acandael/Sites/courseapp/app/uploaders/video_url_uploader.rb": [
        1,
        null,
        1,
        1,
        null,
        1,
        0,
        null,
        null
      ]
    },
    "timestamp": 1384365254
  }
}
